Symlinking /home/sirc/Scrivania/project_ws/devel/include/pepper_nodes/Rest.h
Symlinking /home/sirc/Scrivania/project_ws/devel/include/pepper_nodes/ExecuteJSRequest.h
Symlinking /home/sirc/Scrivania/project_ws/devel/include/pepper_nodes/LoadUrlRequest.h
Symlinking /home/sirc/Scrivania/project_ws/devel/include/pepper_nodes/RestRequest.h
Symlinking /home/sirc/Scrivania/project_ws/devel/include/pepper_nodes/LoadUrlResponse.h
Symlinking /home/sirc/Scrivania/project_ws/devel/include/pepper_nodes/ExecuteJSResponse.h
Symlinking /home/sirc/Scrivania/project_ws/devel/include/pepper_nodes/ExecuteJS.h
Symlinking /home/sirc/Scrivania/project_ws/devel/include/pepper_nodes/Text2SpeechResponse.h
Symlinking /home/sirc/Scrivania/project_ws/devel/include/pepper_nodes/RestResponse.h
Symlinking /home/sirc/Scrivania/project_ws/devel/include/pepper_nodes/WakeUpResponse.h
Symlinking /home/sirc/Scrivania/project_ws/devel/include/pepper_nodes/WakeUpRequest.h
Symlinking /home/sirc/Scrivania/project_ws/devel/include/pepper_nodes/Text2Speech.h
Symlinking /home/sirc/Scrivania/project_ws/devel/include/pepper_nodes/WakeUp.h
Symlinking /home/sirc/Scrivania/project_ws/devel/include/pepper_nodes/LoadUrl.h
Symlinking /home/sirc/Scrivania/project_ws/devel/include/pepper_nodes/Text2SpeechRequest.h
Symlinking /home/sirc/Scrivania/project_ws/devel/lib/python3/dist-packages/pepper_nodes/__init__.py
Symlinking /home/sirc/Scrivania/project_ws/devel/lib/python3/dist-packages/pepper_nodes/srv/_LoadUrl.py
Symlinking /home/sirc/Scrivania/project_ws/devel/lib/python3/dist-packages/pepper_nodes/srv/_ExecuteJS.py
Symlinking /home/sirc/Scrivania/project_ws/devel/lib/python3/dist-packages/pepper_nodes/srv/__init__.py
Symlinking /home/sirc/Scrivania/project_ws/devel/lib/python3/dist-packages/pepper_nodes/srv/_WakeUp.py
Symlinking /home/sirc/Scrivania/project_ws/devel/lib/python3/dist-packages/pepper_nodes/srv/_Text2Speech.py
Symlinking /home/sirc/Scrivania/project_ws/devel/lib/python3/dist-packages/pepper_nodes/srv/_Rest.py
Symlinking /home/sirc/Scrivania/project_ws/devel/lib/python3/dist-packages/libs/__init__.py
Symlinking /home/sirc/Scrivania/project_ws/devel/lib/pkgconfig/pepper_nodes.pc
Symlinking /home/sirc/Scrivania/project_ws/devel/share/pepper_nodes/cmake/pepper_nodes-msg-paths.cmake
Symlinking /home/sirc/Scrivania/project_ws/devel/share/pepper_nodes/cmake/pepper_nodesConfig.cmake
Symlinking /home/sirc/Scrivania/project_ws/devel/share/pepper_nodes/cmake/pepper_nodes-msg-extras.cmake
Symlinking /home/sirc/Scrivania/project_ws/devel/share/pepper_nodes/cmake/pepper_nodesConfig-version.cmake
Symlinking /home/sirc/Scrivania/project_ws/devel/share/roseus/ros/pepper_nodes/manifest.l
Symlinking /home/sirc/Scrivania/project_ws/devel/share/roseus/ros/pepper_nodes/srv/LoadUrl.l
Symlinking /home/sirc/Scrivania/project_ws/devel/share/roseus/ros/pepper_nodes/srv/Rest.l
Symlinking /home/sirc/Scrivania/project_ws/devel/share/roseus/ros/pepper_nodes/srv/Text2Speech.l
Symlinking /home/sirc/Scrivania/project_ws/devel/share/roseus/ros/pepper_nodes/srv/ExecuteJS.l
Symlinking /home/sirc/Scrivania/project_ws/devel/share/roseus/ros/pepper_nodes/srv/WakeUp.l
Symlinking /home/sirc/Scrivania/project_ws/devel/share/gennodejs/ros/pepper_nodes/_index.js
Symlinking /home/sirc/Scrivania/project_ws/devel/share/gennodejs/ros/pepper_nodes/srv/Text2Speech.js
Symlinking /home/sirc/Scrivania/project_ws/devel/share/gennodejs/ros/pepper_nodes/srv/Rest.js
Symlinking /home/sirc/Scrivania/project_ws/devel/share/gennodejs/ros/pepper_nodes/srv/ExecuteJS.js
Symlinking /home/sirc/Scrivania/project_ws/devel/share/gennodejs/ros/pepper_nodes/srv/_index.js
Symlinking /home/sirc/Scrivania/project_ws/devel/share/gennodejs/ros/pepper_nodes/srv/LoadUrl.js
Symlinking /home/sirc/Scrivania/project_ws/devel/share/gennodejs/ros/pepper_nodes/srv/WakeUp.js
Symlinking /home/sirc/Scrivania/project_ws/devel/share/common-lisp/ros/pepper_nodes/srv/_package.lisp
Symlinking /home/sirc/Scrivania/project_ws/devel/share/common-lisp/ros/pepper_nodes/srv/WakeUp.lisp
Symlinking /home/sirc/Scrivania/project_ws/devel/share/common-lisp/ros/pepper_nodes/srv/_package_Rest.lisp
Symlinking /home/sirc/Scrivania/project_ws/devel/share/common-lisp/ros/pepper_nodes/srv/_package_LoadUrl.lisp
Symlinking /home/sirc/Scrivania/project_ws/devel/share/common-lisp/ros/pepper_nodes/srv/ExecuteJS.lisp
Symlinking /home/sirc/Scrivania/project_ws/devel/share/common-lisp/ros/pepper_nodes/srv/Rest.lisp
Symlinking /home/sirc/Scrivania/project_ws/devel/share/common-lisp/ros/pepper_nodes/srv/_package_ExecuteJS.lisp
Symlinking /home/sirc/Scrivania/project_ws/devel/share/common-lisp/ros/pepper_nodes/srv/Text2Speech.lisp
Symlinking /home/sirc/Scrivania/project_ws/devel/share/common-lisp/ros/pepper_nodes/srv/_package_WakeUp.lisp
Symlinking /home/sirc/Scrivania/project_ws/devel/share/common-lisp/ros/pepper_nodes/srv/_package_Text2Speech.lisp
Symlinking /home/sirc/Scrivania/project_ws/devel/share/common-lisp/ros/pepper_nodes/srv/pepper_nodes-srv.asd
Symlinking /home/sirc/Scrivania/project_ws/devel/share/common-lisp/ros/pepper_nodes/srv/LoadUrl.lisp
